<?xml version="1.0" encoding="UTF-8"?>
<testng-results ignored="0" total="3" passed="3" failed="0" skipped="0">
  <reporter-output>
  </reporter-output>
  <suite started-at="2022-04-20T21:55:02 IST" name="Default suite" finished-at="2022-04-20T21:55:02 IST" duration-ms="211">
    <groups>
    </groups>
    <test started-at="2022-04-20T21:55:02 IST" name="Default test" finished-at="2022-04-20T21:55:02 IST" duration-ms="211">
      <class name="testNG1.TP">
        <test-method is-config="true" signature="method4()[pri:0, instance:testNG1.TP@1dde4cb2]" started-at="2022-04-20T21:55:02 IST" name="method4" finished-at="2022-04-20T21:55:02 IST" duration-ms="16" status="PASS">
          <reporter-output>
          </reporter-output>
        </test-method> <!-- method4 -->
        <test-method signature="test1()[pri:0, instance:testNG1.TP@1dde4cb2]" started-at="2022-04-20T21:55:02 IST" name="test1" finished-at="2022-04-20T21:55:02 IST" duration-ms="20" status="PASS">
          <reporter-output>
          </reporter-output>
        </test-method> <!-- test1 -->
        <test-method is-config="true" signature="method4()[pri:0, instance:testNG1.TP@1dde4cb2]" started-at="2022-04-20T21:55:02 IST" name="method4" finished-at="2022-04-20T21:55:02 IST" duration-ms="0" status="PASS">
          <reporter-output>
          </reporter-output>
        </test-method> <!-- method4 -->
        <test-method signature="test2()[pri:0, instance:testNG1.TP@1dde4cb2]" started-at="2022-04-20T21:55:02 IST" name="test2" finished-at="2022-04-20T21:55:02 IST" duration-ms="7" status="PASS">
          <reporter-output>
          </reporter-output>
        </test-method> <!-- test2 -->
        <test-method is-config="true" signature="method4()[pri:0, instance:testNG1.TP@1dde4cb2]" started-at="2022-04-20T21:55:02 IST" name="method4" finished-at="2022-04-20T21:55:02 IST" duration-ms="0" status="PASS">
          <reporter-output>
          </reporter-output>
        </test-method> <!-- method4 -->
        <test-method signature="test3()[pri:0, instance:testNG1.TP@1dde4cb2]" started-at="2022-04-20T21:55:02 IST" name="test3" finished-at="2022-04-20T21:55:02 IST" duration-ms="16" status="PASS">
          <reporter-output>
          </reporter-output>
        </test-method> <!-- test3 -->
      </class> <!-- testNG1.TP -->
    </test> <!-- Default test -->
  </suite> <!-- Default suite -->
</testng-results>
