<?xml version="1.0" encoding="UTF-8"?>
<testng-results ignored="0" total="1" passed="1" failed="0" skipped="0">
  <reporter-output>
  </reporter-output>
  <suite started-at="2022-04-20T21:48:29 IST" name="Default suite" finished-at="2022-04-20T21:48:29 IST" duration-ms="122">
    <groups>
    </groups>
    <test started-at="2022-04-20T21:48:29 IST" name="Default test" finished-at="2022-04-20T21:48:29 IST" duration-ms="122">
      <class name="testClass.PomTestClass">
        <test-method is-config="true" signature="method2()[pri:0, instance:testClass.PomTestClass@6ae5aa72]" started-at="2022-04-20T21:48:29 IST" name="method2" finished-at="2022-04-20T21:48:29 IST" duration-ms="21" status="PASS">
          <reporter-output>
          </reporter-output>
        </test-method> <!-- method2 -->
        <test-method is-config="true" signature="method1()[pri:0, instance:testClass.PomTestClass@6ae5aa72]" started-at="2022-04-20T21:48:29 IST" name="method1" finished-at="2022-04-20T21:48:29 IST" duration-ms="2" status="PASS">
          <reporter-output>
          </reporter-output>
        </test-method> <!-- method1 -->
        <test-method is-config="true" signature="method3()[pri:0, instance:testClass.PomTestClass@6ae5aa72]" started-at="2022-04-20T21:48:29 IST" name="method3" finished-at="2022-04-20T21:48:29 IST" duration-ms="1" status="PASS">
          <reporter-output>
          </reporter-output>
        </test-method> <!-- method3 -->
        <test-method is-config="true" signature="method4()[pri:0, instance:testClass.PomTestClass@6ae5aa72]" started-at="2022-04-20T21:48:29 IST" name="method4" finished-at="2022-04-20T21:48:29 IST" duration-ms="1" status="PASS">
          <reporter-output>
          </reporter-output>
        </test-method> <!-- method4 -->
        <test-method signature="test()[pri:0, instance:testClass.PomTestClass@6ae5aa72]" started-at="2022-04-20T21:48:29 IST" name="test" finished-at="2022-04-20T21:48:29 IST" duration-ms="20" status="PASS">
          <reporter-output>
          </reporter-output>
        </test-method> <!-- test -->
        <test-method is-config="true" signature="method5()[pri:0, instance:testClass.PomTestClass@6ae5aa72]" started-at="2022-04-20T21:48:29 IST" name="method5" finished-at="2022-04-20T21:48:29 IST" duration-ms="1" status="PASS">
          <reporter-output>
          </reporter-output>
        </test-method> <!-- method5 -->
        <test-method is-config="true" signature="method6()[pri:0, instance:testClass.PomTestClass@6ae5aa72]" started-at="2022-04-20T21:48:29 IST" name="method6" finished-at="2022-04-20T21:48:29 IST" duration-ms="1" status="PASS">
          <reporter-output>
          </reporter-output>
        </test-method> <!-- method6 -->
        <test-method is-config="true" signature="method7()[pri:0, instance:testClass.PomTestClass@6ae5aa72]" started-at="2022-04-20T21:48:29 IST" name="method7" finished-at="2022-04-20T21:48:29 IST" duration-ms="1" status="PASS">
          <reporter-output>
          </reporter-output>
        </test-method> <!-- method7 -->
        <test-method is-config="true" signature="method8()[pri:0, instance:testClass.PomTestClass@6ae5aa72]" started-at="2022-04-20T21:48:29 IST" name="method8" finished-at="2022-04-20T21:48:29 IST" duration-ms="1" status="PASS">
          <reporter-output>
          </reporter-output>
        </test-method> <!-- method8 -->
      </class> <!-- testClass.PomTestClass -->
    </test> <!-- Default test -->
  </suite> <!-- Default suite -->
</testng-results>
