<?xml version="1.0" encoding="UTF-8"?>
<!-- Generated by org.testng.reporters.JUnitXMLReporter -->
<testsuite ignored="8" hostname="hh" failures="0" tests="2" name="group" time="0.159" errors="0" timestamp="2022-02-22T00:37:50 IST">
  <testcase classname="testNG1.GroupClass_A" name="a1" time="0.026"/>
  <testcase classname="testNG1.GroupClass_B" name="b1" time="0.014"/>
  <testcase classname="testNG1.GroupClass_B" name="b2" time="0.0">
    <ignored/>
  </testcase> <!-- b2 -->
  <testcase classname="testNG1.GroupClass_A" name="a3" time="0.0">
    <ignored/>
  </testcase> <!-- a3 -->
  <testcase classname="testNG1.GroupClass_A" name="a2" time="0.0">
    <ignored/>
  </testcase> <!-- a2 -->
  <testcase classname="testNG1.GroupClass_A" name="a5" time="0.0">
    <ignored/>
  </testcase> <!-- a5 -->
  <testcase classname="testNG1.GroupClass_B" name="b5" time="0.0">
    <ignored/>
  </testcase> <!-- b5 -->
  <testcase classname="testNG1.GroupClass_B" name="b3" time="0.0">
    <ignored/>
  </testcase> <!-- b3 -->
  <testcase classname="testNG1.GroupClass_B" name="b4" time="0.0">
    <ignored/>
  </testcase> <!-- b4 -->
  <testcase classname="testNG1.GroupClass_A" name="a4" time="0.0">
    <ignored/>
  </testcase> <!-- a4 -->
</testsuite> <!-- group -->
