<?xml version="1.0" encoding="UTF-8"?>
<!-- Generated by org.testng.reporters.JUnitXMLReporter -->
<testsuite ignored="36" hostname="hh" failures="0" tests="6" name="RegularExpressionGroup" time="0.221" errors="0" timestamp="2022-02-22T01:27:15 IST">
  <testcase classname="testNG1.GroupClass_C" name="c1" time="0.034"/>
  <testcase classname="testNG1.GroupClass_C" name="c2" time="0.006"/>
  <testcase classname="testNG1.GroupClass_C" name="c3" time="0.003"/>
  <testcase classname="testNG1.GroupClass_D" name="d2" time="0.003"/>
  <testcase classname="testNG1.GroupClass_D" name="d3" time="0.007"/>
  <testcase classname="testNG1.GroupClass_D" name="d4" time="0.006"/>
  <testcase classname="testNG1.ActitimeTestScenario1copy" name="test1" time="0.0">
    <ignored/>
  </testcase> <!-- test1 -->
  <testcase classname="testNG1.GroupClass_B" name="b2" time="0.0">
    <ignored/>
  </testcase> <!-- b2 -->
  <testcase classname="testNG1.GroupClass_B" name="b5" time="0.0">
    <ignored/>
  </testcase> <!-- b5 -->
  <testcase classname="testNG1.GroupClass_D" name="d5" time="0.0">
    <ignored/>
  </testcase> <!-- d5 -->
  <testcase classname="testNG1.GroupClass_B" name="b3" time="0.0">
    <ignored/>
  </testcase> <!-- b3 -->
  <testcase classname="testNG1.GroupClass_B" name="b4" time="0.0">
    <ignored/>
  </testcase> <!-- b4 -->
  <testcase classname="testNG1.NewTest2" name="f" time="0.0">
    <ignored/>
  </testcase> <!-- f -->
  <testcase classname="testNG1.ActitimeTestScenario1" name="test5" time="0.0">
    <ignored/>
  </testcase> <!-- test5 -->
  <testcase classname="testNG1.ActitimeTestScenario2" name="test1" time="0.0">
    <ignored/>
  </testcase> <!-- test1 -->
  <testcase classname="testNG1.ActitimeTestScenario1" name="test1" time="0.0">
    <ignored/>
  </testcase> <!-- test1 -->
  <testcase classname="testNG1.GroupClass_B" name="b1" time="0.0">
    <ignored/>
  </testcase> <!-- b1 -->
  <testcase classname="testNG1.GroupClass_D" name="d1" time="0.0">
    <ignored/>
  </testcase> <!-- d1 -->
  <testcase classname="testNG1.GroupClass_A" name="a1" time="0.0">
    <ignored/>
  </testcase> <!-- a1 -->
  <testcase classname="testNG1.NewTest" name="f8" time="0.0">
    <ignored/>
  </testcase> <!-- f8 -->
  <testcase classname="testNG1.GroupClass_C" name="c4" time="0.0">
    <ignored/>
  </testcase> <!-- c4 -->
  <testcase classname="testNG1.GroupClass_A" name="a3" time="0.0">
    <ignored/>
  </testcase> <!-- a3 -->
  <testcase classname="testNG1.GroupClass_A" name="a2" time="0.0">
    <ignored/>
  </testcase> <!-- a2 -->
  <testcase classname="testNG1.GroupClass_A" name="a5" time="0.0">
    <ignored/>
  </testcase> <!-- a5 -->
  <testcase classname="testNG1.GroupClass_C" name="c5" time="0.0">
    <ignored/>
  </testcase> <!-- c5 -->
  <testcase classname="testNG1.ActitimeTestScenario1" name="test8" time="0.0">
    <ignored/>
  </testcase> <!-- test8 -->
  <testcase classname="testNG1.ActitimeTestScenario1" name="test7" time="0.0">
    <ignored/>
  </testcase> <!-- test7 -->
  <testcase classname="testNG1.ActitimeTestScenario1" name="test6" time="0.0">
    <ignored/>
  </testcase> <!-- test6 -->
  <testcase classname="testNG1.ActitimeTestScenario1" name="test4" time="0.0">
    <ignored/>
  </testcase> <!-- test4 -->
  <testcase classname="testNG1.ActitimeTestScenario1" name="test3" time="0.0">
    <ignored/>
  </testcase> <!-- test3 -->
  <testcase classname="testNG1.NewTest" name="f7" time="0.0">
    <ignored/>
  </testcase> <!-- f7 -->
  <testcase classname="testNG1.ActitimeTestScenario1" name="test2" time="0.0">
    <ignored/>
  </testcase> <!-- test2 -->
  <testcase classname="testNG1.NewTest" name="f6" time="0.0">
    <ignored/>
  </testcase> <!-- f6 -->
  <testcase classname="testNG1.ActitimeTestScenario1copy" name="test2" time="0.0">
    <ignored/>
  </testcase> <!-- test2 -->
  <testcase classname="testNG1.NewTest" name="f3" time="0.0">
    <ignored/>
  </testcase> <!-- f3 -->
  <testcase classname="testNG1.NewTest" name="f5" time="0.0">
    <ignored/>
  </testcase> <!-- f5 -->
  <testcase classname="testNG1.NewTest" name="f4" time="0.0">
    <ignored/>
  </testcase> <!-- f4 -->
  <testcase classname="testNG1.ActitimeTestScenario2copy" name="test1" time="0.0">
    <ignored/>
  </testcase> <!-- test1 -->
  <testcase classname="testNG1.ActitimeTestScenario1copy" name="test5" time="0.0">
    <ignored/>
  </testcase> <!-- test5 -->
  <testcase classname="testNG1.GroupClass_A" name="a4" time="0.0">
    <ignored/>
  </testcase> <!-- a4 -->
  <testcase classname="testNG1.ActitimeTestScenario1copy" name="test3" time="0.0">
    <ignored/>
  </testcase> <!-- test3 -->
  <testcase classname="testNG1.ActitimeTestScenario1copy" name="test4" time="0.0">
    <ignored/>
  </testcase> <!-- test4 -->
</testsuite> <!-- RegularExpressionGroup -->
