<?xml version="1.0" encoding="UTF-8"?>
<!-- Generated by org.testng.reporters.JUnitXMLReporter -->
<testsuite ignored="1" hostname="hh" failures="1" tests="23" name="Test" time="61.562" errors="0" timestamp="2022-02-20T19:48:04 IST">
  <testcase classname="testNG1.NewTest" name="f3" time="0.031"/>
  <testcase classname="testNG1.NewTest2" name="f" time="0.019"/>
  <testcase classname="testNG1.NewTest" name="f4" time="0.007"/>
  <testcase classname="testNG1.NewTest" name="f5" time="0.008"/>
  <testcase classname="testNG1.NewTest" name="f6" time="0.015"/>
  <testcase classname="testNG1.NewTest" name="f7" time="0.013"/>
  <testcase classname="testNG1.NewTest" name="f8" time="0.004"/>
  <testcase classname="testNG1.ActitimeTestScenario1" name="test1" time="7.99"/>
  <testcase classname="testNG1.ActitimeTestScenario1" name="test2" time="5.414"/>
  <testcase classname="testNG1.ActitimeTestScenario1copy" name="test1" time="22.913"/>
  <testcase classname="testNG1.ActitimeTestScenario2copy" name="test1" time="25.873"/>
  <testcase classname="testNG1.ActitimeTestScenario2" name="test1" time="27.006"/>
  <testcase classname="testNG1.ActitimeTestScenario1copy" name="test2" time="2.926"/>
  <testcase classname="testNG1.ActitimeTestScenario1" name="test3" time="5.158"/>
  <testcase classname="testNG1.ActitimeTestScenario1copy" name="test3" time="3.565"/>
  <testcase classname="testNG1.ActitimeTestScenario1" name="test3" time="3.495"/>
  <testcase classname="testNG1.ActitimeTestScenario1" name="test4" time="2.431"/>
  <testcase classname="testNG1.ActitimeTestScenario1copy" name="test4" time="2.733"/>
  <testcase classname="testNG1.ActitimeTestScenario1" name="test4" time="1.745"/>
  <testcase classname="testNG1.ActitimeTestScenario1copy" name="test5" time="2.391"/>
  <testcase classname="testNG1.ActitimeTestScenario1" name="test6" time="1.834">
    <failure type="java.lang.AssertionError" message="null">
      <![CDATA[java.lang.AssertionError: null
at testNG1.ActitimeTestScenario1.test6(ActitimeTestScenario1.java:154)
at java.base/java.util.concurrent.ThreadPoolExecutor.runWorker(ThreadPoolExecutor.java:1136)
at java.base/java.util.concurrent.ThreadPoolExecutor$Worker.run(ThreadPoolExecutor.java:635)
at java.base/java.lang.Thread.run(Thread.java:833)
... Removed 14 stack frames]]>
    </failure>
  </testcase> <!-- test6 -->
  <testcase classname="testNG1.ActitimeTestScenario1" name="test7" time="3.25"/>
  <testcase classname="testNG1.ActitimeTestScenario1" name="test8" time="0.001">
    <skipped/>
  </testcase> <!-- test8 -->
  <testcase classname="testNG1.ActitimeTestScenario1" name="test5" time="0.0">
    <ignored/>
  </testcase> <!-- test5 -->
</testsuite> <!-- Test -->
