<?xml version="1.0" encoding="UTF-8"?>
<!-- Generated by org.testng.reporters.JUnitXMLReporter -->
<testsuite ignored="4" hostname="hh" failures="2" tests="18" name="GroupSuit" time="0.468" errors="0" timestamp="2022-02-26T23:39:23 IST">
  <testcase classname="grouping.GroupA" name="a1" time="0.031"/>
  <testcase classname="grouping.GroupA" name="a2" time="0.004"/>
  <testcase classname="grouping.GroupA" name="a2" time="0.006"/>
  <testcase classname="grouping.GroupA" name="a2" time="0.007"/>
  <testcase classname="grouping.GroupA" name="a2" time="0.003"/>
  <testcase classname="grouping.GroupA" name="a2" time="0.004"/>
  <testcase classname="grouping.GroupA" name="a3" time="0.018"/>
  <testcase classname="grouping.GroupA" name="a4" time="0.018">
    <failure type="java.lang.AssertionError" message="null">
      <![CDATA[java.lang.AssertionError: null
at grouping.GroupA.a4(GroupA.java:28)
at java.base/java.util.ArrayList.forEach(ArrayList.java:1511)
... Removed 29 stack frames]]>
    </failure>
  </testcase> <!-- a4 -->
  <testcase classname="grouping.GroupA" name="a5" time="0.0">
    <skipped/>
  </testcase> <!-- a5 -->
  <testcase classname="grouping.GroupB" name="b1" time="0.004"/>
  <testcase classname="grouping.GroupB" name="b2" time="0.005"/>
  <testcase classname="grouping.GroupB" name="b2" time="0.007"/>
  <testcase classname="grouping.GroupB" name="b2" time="0.009"/>
  <testcase classname="grouping.GroupB" name="b2" time="0.006"/>
  <testcase classname="grouping.GroupB" name="b2" time="0.003"/>
  <testcase classname="grouping.GroupB" name="b3" time="0.005"/>
  <testcase classname="grouping.GroupB" name="b4" time="0.004">
    <failure type="java.lang.AssertionError" message="null">
      <![CDATA[java.lang.AssertionError: null
at grouping.GroupB.b4(GroupB.java:29)
at java.base/java.util.ArrayList.forEach(ArrayList.java:1511)
... Removed 29 stack frames]]>
    </failure>
  </testcase> <!-- b4 -->
  <testcase classname="grouping.GroupB" name="b5" time="0.0">
    <skipped/>
  </testcase> <!-- b5 -->
  <testcase classname="grouping.GroupA" name="a7" time="0.0">
    <ignored/>
  </testcase> <!-- a7 -->
  <testcase classname="grouping.GroupB" name="b7" time="0.0">
    <ignored/>
  </testcase> <!-- b7 -->
  <testcase classname="grouping.GroupB" name="b6" time="0.0">
    <ignored/>
  </testcase> <!-- b6 -->
  <testcase classname="grouping.GroupA" name="a6" time="0.0">
    <ignored/>
  </testcase> <!-- a6 -->
</testsuite> <!-- GroupSuit -->
