<?xml version="1.0" encoding="UTF-8"?>
<!-- Generated by org.testng.reporters.JUnitXMLReporter -->
<testsuite ignored="26" hostname="hh" failures="1" tests="7" name="TestRG" time="0.278" errors="0" timestamp="2022-03-04T10:46:46 IST">
  <testcase classname="grouping.GroupC" name="c2" time="0.024"/>
  <testcase classname="grouping.GroupC" name="c2" time="0.01"/>
  <testcase classname="grouping.GroupC" name="c2" time="0.005"/>
  <testcase classname="grouping.GroupC" name="c2" time="0.004"/>
  <testcase classname="grouping.GroupC" name="c2" time="0.004"/>
  <testcase classname="grouping.GroupD" name="d4" time="0.011">
    <failure type="java.lang.AssertionError" message="null">
      <![CDATA[java.lang.AssertionError: null
at grouping.GroupD.d4(GroupD.java:26)
at java.base/java.util.ArrayList.forEach(ArrayList.java:1511)
... Removed 29 stack frames]]>
    </failure>
  </testcase> <!-- d4 -->
  <testcase classname="grouping.GroupD" name="d5" time="0.001">
    <skipped/>
  </testcase> <!-- d5 -->
  <testcase classname="grouping.GroupB" name="b4" time="0.0">
    <ignored/>
  </testcase> <!-- b4 -->
  <testcase classname="grouping.GroupB" name="b7" time="0.0">
    <ignored/>
  </testcase> <!-- b7 -->
  <testcase classname="grouping.GroupB" name="b6" time="0.0">
    <ignored/>
  </testcase> <!-- b6 -->
  <testcase classname="grouping.GroupB" name="b3" time="0.0">
    <ignored/>
  </testcase> <!-- b3 -->
  <testcase classname="grouping.GroupD" name="d3" time="0.0">
    <ignored/>
  </testcase> <!-- d3 -->
  <testcase classname="grouping.GroupB" name="b2" time="0.0">
    <ignored/>
  </testcase> <!-- b2 -->
  <testcase classname="grouping.GroupD" name="d2" time="0.0">
    <ignored/>
  </testcase> <!-- d2 -->
  <testcase classname="grouping.GroupB" name="b5" time="0.0">
    <ignored/>
  </testcase> <!-- b5 -->
  <testcase classname="grouping.GroupD" name="d1" time="0.0">
    <ignored/>
  </testcase> <!-- d1 -->
  <testcase classname="grouping.PayTM" name="method" time="0.0">
    <ignored/>
  </testcase> <!-- method -->
  <testcase classname="grouping.GroupD" name="d7" time="0.0">
    <ignored/>
  </testcase> <!-- d7 -->
  <testcase classname="grouping.GroupD" name="d6" time="0.0">
    <ignored/>
  </testcase> <!-- d6 -->
  <testcase classname="grouping.GroupB" name="b1" time="0.0">
    <ignored/>
  </testcase> <!-- b1 -->
  <testcase classname="grouping.GroupA" name="a2" time="0.0">
    <ignored/>
  </testcase> <!-- a2 -->
  <testcase classname="grouping.GroupC" name="c6" time="0.0">
    <ignored/>
  </testcase> <!-- c6 -->
  <testcase classname="grouping.GroupA" name="a7" time="0.0">
    <ignored/>
  </testcase> <!-- a7 -->
  <testcase classname="grouping.GroupC" name="c7" time="0.0">
    <ignored/>
  </testcase> <!-- c7 -->
  <testcase classname="grouping.GroupA" name="a5" time="0.0">
    <ignored/>
  </testcase> <!-- a5 -->
  <testcase classname="grouping.GroupA" name="a3" time="0.0">
    <ignored/>
  </testcase> <!-- a3 -->
  <testcase classname="grouping.GroupC" name="c3" time="0.0">
    <ignored/>
  </testcase> <!-- c3 -->
  <testcase classname="grouping.GroupA" name="a4" time="0.0">
    <ignored/>
  </testcase> <!-- a4 -->
  <testcase classname="grouping.GroupC" name="c4" time="0.0">
    <ignored/>
  </testcase> <!-- c4 -->
  <testcase classname="grouping.GroupA" name="a1" time="0.0">
    <ignored/>
  </testcase> <!-- a1 -->
  <testcase classname="grouping.GroupC" name="c5" time="0.0">
    <ignored/>
  </testcase> <!-- c5 -->
  <testcase classname="grouping.GroupA" name="a6" time="0.0">
    <ignored/>
  </testcase> <!-- a6 -->
  <testcase classname="grouping.GroupC" name="c1" time="0.0">
    <ignored/>
  </testcase> <!-- c1 -->
</testsuite> <!-- TestRG -->
