<?xml version="1.0" encoding="UTF-8"?>
<!-- Generated by org.testng.reporters.JUnitXMLReporter -->
<testsuite ignored="6" hostname="hh" failures="2" tests="16" name="TestDefine" time="0.372" errors="0" timestamp="2022-03-04T10:20:27 IST">
  <testcase classname="grouping.GroupA" name="a7" time="0.027"/>
  <testcase classname="grouping.GroupA" name="a2" time="0.003"/>
  <testcase classname="grouping.GroupA" name="a2" time="0.008"/>
  <testcase classname="grouping.GroupA" name="a2" time="0.014"/>
  <testcase classname="grouping.GroupA" name="a2" time="0.004"/>
  <testcase classname="grouping.GroupA" name="a2" time="0.006"/>
  <testcase classname="grouping.GroupA" name="a3" time="0.021"/>
  <testcase classname="grouping.GroupA" name="a4" time="0.021">
    <failure type="java.lang.AssertionError" message="null">
      <![CDATA[java.lang.AssertionError: null
at grouping.GroupA.a4(GroupA.java:35)
at java.base/java.util.ArrayList.forEach(ArrayList.java:1511)
... Removed 29 stack frames]]>
    </failure>
  </testcase> <!-- a4 -->
  <testcase classname="grouping.GroupB" name="b7" time="0.008"/>
  <testcase classname="grouping.GroupB" name="b2" time="0.004"/>
  <testcase classname="grouping.GroupB" name="b2" time="0.003"/>
  <testcase classname="grouping.GroupB" name="b2" time="0.006"/>
  <testcase classname="grouping.GroupB" name="b2" time="0.004"/>
  <testcase classname="grouping.GroupB" name="b2" time="0.002"/>
  <testcase classname="grouping.GroupB" name="b3" time="0.005"/>
  <testcase classname="grouping.GroupB" name="b4" time="0.003">
    <failure type="java.lang.AssertionError" message="null">
      <![CDATA[java.lang.AssertionError: null
at grouping.GroupB.b4(GroupB.java:29)
at java.base/java.util.ArrayList.forEach(ArrayList.java:1511)
... Removed 29 stack frames]]>
    </failure>
  </testcase> <!-- b4 -->
  <testcase classname="grouping.GroupB" name="b6" time="0.0">
    <ignored/>
  </testcase> <!-- b6 -->
  <testcase classname="grouping.GroupA" name="a5" time="0.0">
    <ignored/>
  </testcase> <!-- a5 -->
  <testcase classname="grouping.GroupA" name="a1" time="0.0">
    <ignored/>
  </testcase> <!-- a1 -->
  <testcase classname="grouping.GroupB" name="b5" time="0.0">
    <ignored/>
  </testcase> <!-- b5 -->
  <testcase classname="grouping.GroupB" name="b1" time="0.0">
    <ignored/>
  </testcase> <!-- b1 -->
  <testcase classname="grouping.GroupA" name="a6" time="0.0">
    <ignored/>
  </testcase> <!-- a6 -->
</testsuite> <!-- TestDefine -->
