<?xml version="1.0" encoding="UTF-8"?>
<!-- Generated by org.testng.reporters.JUnitXMLReporter -->
<testsuite ignored="8" hostname="hh" failures="0" tests="14" name="Test" time="0.29" errors="0" timestamp="2022-03-04T10:29:03 IST">
  <testcase classname="grouping.GroupA" name="a7" time="0.034"/>
  <testcase classname="grouping.GroupA" name="a2" time="0.003"/>
  <testcase classname="grouping.GroupA" name="a2" time="0.004"/>
  <testcase classname="grouping.GroupA" name="a2" time="0.007"/>
  <testcase classname="grouping.GroupA" name="a2" time="0.004"/>
  <testcase classname="grouping.GroupA" name="a2" time="0.005"/>
  <testcase classname="grouping.GroupA" name="a3" time="0.02"/>
  <testcase classname="grouping.GroupB" name="b7" time="0.007"/>
  <testcase classname="grouping.GroupB" name="b2" time="0.005"/>
  <testcase classname="grouping.GroupB" name="b2" time="0.006"/>
  <testcase classname="grouping.GroupB" name="b2" time="0.006"/>
  <testcase classname="grouping.GroupB" name="b2" time="0.004"/>
  <testcase classname="grouping.GroupB" name="b2" time="0.004"/>
  <testcase classname="grouping.GroupB" name="b3" time="0.007"/>
  <testcase classname="grouping.GroupB" name="b4" time="0.0">
    <ignored/>
  </testcase> <!-- b4 -->
  <testcase classname="grouping.GroupB" name="b6" time="0.0">
    <ignored/>
  </testcase> <!-- b6 -->
  <testcase classname="grouping.GroupA" name="a5" time="0.0">
    <ignored/>
  </testcase> <!-- a5 -->
  <testcase classname="grouping.GroupA" name="a4" time="0.0">
    <ignored/>
  </testcase> <!-- a4 -->
  <testcase classname="grouping.GroupA" name="a1" time="0.0">
    <ignored/>
  </testcase> <!-- a1 -->
  <testcase classname="grouping.GroupB" name="b5" time="0.0">
    <ignored/>
  </testcase> <!-- b5 -->
  <testcase classname="grouping.GroupB" name="b1" time="0.0">
    <ignored/>
  </testcase> <!-- b1 -->
  <testcase classname="grouping.GroupA" name="a6" time="0.0">
    <ignored/>
  </testcase> <!-- a6 -->
</testsuite> <!-- Test -->
