<?xml version="1.0" encoding="UTF-8"?>
<!-- Generated by org.testng.reporters.JUnitXMLReporter -->
<testsuite ignored="0" hostname="hh" failures="0" tests="6" name="Testscenario2" time="28.862" errors="0" timestamp="2022-02-21T00:13:54 IST">
  <testcase classname="testNG1.ActitimeTestScenario2" name="firstOption" time="2.945"/>
  <testcase classname="testNG1.ActitimeTestScenario2" name="secondOption" time="3.9"/>
  <testcase classname="testNG1.ActitimeTestScenario3" name="firstOption" time="2.288"/>
  <testcase classname="testNG1.ActitimeTestScenario3" name="secondOption" time="1.625"/>
  <testcase classname="testNG1.ActitimeTestScenario3" name="thirdOption" time="3.068"/>
  <testcase classname="testNG1.ActitimeTestScenario3" name="checkbox" time="1.749"/>
</testsuite> <!-- Testscenario2 -->
